<?xml version="1.0" encoding="UTF-8" standalone="no"?>
<testsuite failures="0" name="cucumber.runtime.formatter.JUnitFormatter" skipped="0" tests="1" time="15.123494">
<testcase classname="JBK Offline Application" name="Login test" time="15.123494">
<system-out><![CDATA[Given user should be on login page for Excel login..........................passed
When user enters uname and pass from Excelsheet.............................passed
Then user will verify home page title for Excel.............................passed
]]></system-out>
</testcase>
</testsuite>
