<?xml version="1.0" encoding="UTF-8" standalone="no"?>
<testsuite failures="0" name="cucumber.runtime.formatter.JUnitFormatter" skipped="0" tests="3" time="25.376525">
<testcase classname="JBK Offline Application" name="Login test" time="9.560839">
<system-out><![CDATA[Given user should be on login page..........................................passed
When user enters uname and pass and click login button......................passed
Then user will be on home page..............................................passed
]]></system-out>
</testcase>
<testcase classname="JBK Offline Application" name="verify logo" time="6.980733">
<system-out><![CDATA[Given user should be on login page for logo.................................passed
Then user should see JBK logo...............................................passed
]]></system-out>
</testcase>
<testcase classname="register a user on offline WebSite" name="register test" time="8.834953">
<system-out><![CDATA[Given user should be on login page for register.............................passed
When user clicks on register link...........................................passed
And user fills all details..................................................passed
And click submit button.....................................................passed
Then user should see alert..................................................passed
]]></system-out>
</testcase>
</testsuite>
